<?xml version="1.0" encoding="UTF-8"?>
<!-- Generated by org.testng.reporters.JUnitXMLReporter -->
<testsuite ignored="0" hostname="DESKTOP-H5M82PR" failures="0" tests="4" name="Test" time="12.226" errors="0" timestamp="2024-03-11T19:06:11 CDT">
  <testcase classname="testng.parameterdemo" name="test1" time="3.113"/>
  <testcase classname="testng.parameterdemo" name="test2" time="0.036"/>
  <testcase classname="testng.parameterdemo" name="test2" time="1.744"/>
  <testcase classname="testng.parameterdemo" name="test3" time="1.398"/>
</testsuite> <!-- Test -->
