<?xml version="1.0" encoding="UTF-8"?>
<!-- Generated by org.testng.reporters.JUnitXMLReporter -->
<testsuite ignored="0" hostname="DESKTOP-H5M82PR" failures="0" tests="4" name="Test" time="33.308" errors="0" timestamp="2024-02-22T08:27:55 CST">
  <testcase classname="testng.parameterdemo" name="test1" time="9.251"/>
  <testcase classname="testng.parameterdemo" name="test2" time="0.131"/>
  <testcase classname="testng.parameterdemo" name="test2" time="6.211"/>
  <testcase classname="testng.parameterdemo" name="test3" time="6.737"/>
</testsuite> <!-- Test -->
