<?xml version="1.0" encoding="UTF-8"?>
<!-- Generated by org.testng.reporters.JUnitXMLReporter -->
<testsuite ignored="3" hostname="DESKTOP-H5M82PR" failures="0" tests="4" name="ds" time="0.141" errors="0" timestamp="2023-11-23T09:13:13 EST">
  <testcase classname="testng.grouping" name="test1" time="0.019"/>
  <testcase classname="testng.grouping" name="test2" time="0.003"/>
  <testcase classname="testng.grouping" name="test5" time="0.01"/>
  <testcase classname="testng.grouping" name="testMethod1" time="0.004"/>
  <testcase classname="testng.grouping" name="test4" time="0.0">
    <ignored/>
  </testcase> <!-- test4 -->
  <testcase classname="testng.grouping" name="testMethod2" time="0.0">
    <ignored/>
  </testcase> <!-- testMethod2 -->
  <testcase classname="testng.grouping" name="test3" time="0.0">
    <ignored/>
  </testcase> <!-- test3 -->
</testsuite> <!-- ds -->
