<?xml version="1.0" encoding="UTF-8"?>
<testng-results ignored="0" total="1" passed="1" failed="0" skipped="0">
  <reporter-output>
  </reporter-output>
  <suite started-at="2021-07-31T16:04:57 IST" name="Default suite" finished-at="2021-07-31T16:05:43 IST" duration-ms="46600">
    <groups>
    </groups>
    <test started-at="2021-07-31T16:04:57 IST" name="Default test" finished-at="2021-07-31T16:05:43 IST" duration-ms="46600">
      <class name="SBA.axisbankAssign.AppTest">
        <test-method is-config="true" signature="beforeFunction()[pri:0, instance:SBA.axisbankAssign.AppTest@62230c58]" started-at="2021-07-31T16:04:57 IST" name="beforeFunction" finished-at="2021-07-31T16:05:31 IST" duration-ms="33623" status="PASS">
          <reporter-output>
          </reporter-output>
        </test-method> <!-- beforeFunction -->
        <test-method signature="testFunction()[pri:0, instance:SBA.axisbankAssign.AppTest@62230c58]" started-at="2021-07-31T16:05:31 IST" name="testFunction" finished-at="2021-07-31T16:05:42 IST" duration-ms="11733" status="PASS">
          <reporter-output>
          </reporter-output>
        </test-method> <!-- testFunction -->
        <test-method is-config="true" signature="afterFunction()[pri:0, instance:SBA.axisbankAssign.AppTest@62230c58]" started-at="2021-07-31T16:05:42 IST" name="afterFunction" finished-at="2021-07-31T16:05:43 IST" duration-ms="1102" status="PASS">
          <reporter-output>
          </reporter-output>
        </test-method> <!-- afterFunction -->
      </class> <!-- SBA.axisbankAssign.AppTest -->
    </test> <!-- Default test -->
  </suite> <!-- Default suite -->
</testng-results>
