<?xml version="1.0" encoding="UTF-8"?>
<!-- Generated by org.testng.reporters.JUnitXMLReporter -->
<testsuite ignored="0" hostname="DESKTOP-H5M82PR" failures="0" tests="4" name="Test" time="16.452" errors="0" timestamp="2024-03-18T09:26:27 CDT">
  <testcase classname="testng.dummy1" name="@BeforeTest InitialiseBrowser" time="16.198">
    <failure type="java.lang.NullPointerException" message="Cannot invoke &amp;quot;org.openqa.selenium.WebDriver.manage()&amp;quot; because &amp;quot;testng.dummy1.driver&amp;quot; is null">
      <![CDATA[java.lang.NullPointerException: Cannot invoke "org.openqa.selenium.WebDriver.manage()" because "testng.dummy1.driver" is null
at testng.dummy1.InitialiseBrowser(dummy1.java:61)
... Removed 22 stack frames]]>
    </failure>
  </testcase> <!-- @BeforeTest InitialiseBrowser -->
  <testcase classname="testng.dummy1" name="EnterLoginDetail" time="0.0">
    <skipped/>
  </testcase> <!-- EnterLoginDetail -->
  <testcase classname="testng.dummy1" name="LaunchApp" time="0.0">
    <skipped/>
  </testcase> <!-- LaunchApp -->
  <testcase classname="testng.dummy1" name="navigateToDemos" time="0.0">
    <skipped/>
  </testcase> <!-- navigateToDemos -->
  <testcase classname="testng.dummy1" name="verifyLogo" time="0.0">
    <skipped/>
  </testcase> <!-- verifyLogo -->
</testsuite> <!-- Test -->
