<?xml version="1.0" encoding="UTF-8"?>
<!-- Generated by org.testng.reporters.JUnitXMLReporter -->
<testsuite ignored="3" hostname="DESKTOP-H5M82PR" failures="0" tests="4" name="test" time="0.195" errors="0" timestamp="2024-02-07T09:34:20 CST">
  <testcase classname="testng.grouping" name="test1" time="0.029"/>
  <testcase classname="testng.grouping" name="test2" time="0.02"/>
  <testcase classname="testng.grouping" name="test5" time="0.006"/>
  <testcase classname="testng.grouping" name="testMethod1" time="0.005"/>
  <testcase classname="testng.grouping" name="test4" time="0.0">
    <ignored/>
  </testcase> <!-- test4 -->
  <testcase classname="testng.grouping" name="testMethod2" time="0.0">
    <ignored/>
  </testcase> <!-- testMethod2 -->
  <testcase classname="testng.grouping" name="test3" time="0.0">
    <ignored/>
  </testcase> <!-- test3 -->
</testsuite> <!-- test -->
