<?xml version="1.0" encoding="UTF-8"?>
<!-- Generated by org.testng.reporters.JUnitXMLReporter -->
<testsuite ignored="4" hostname="DESKTOP-H5M82PR" failures="0" tests="7" name="test" time="0.21" errors="0" timestamp="2024-02-22T18:53:59 CST">
  <testcase classname="testng.grouping" name="test11" time="0.016"/>
  <testcase classname="testng.grouping" name="test12" time="0.002"/>
  <testcase classname="testng.grouping" name="test13" time="0.046"/>
  <testcase classname="testng.grouping" name="test14" time="0.005"/>
  <testcase classname="testng.grouping" name="test3" time="0.003"/>
  <testcase classname="testng.grouping" name="test4" time="0.002"/>
  <testcase classname="testng.grouping" name="testMethod2" time="0.002"/>
  <testcase classname="testng.grouping" name="test2" time="0.0">
    <ignored/>
  </testcase> <!-- test2 -->
  <testcase classname="testng.grouping" name="test5" time="0.0">
    <ignored/>
  </testcase> <!-- test5 -->
  <testcase classname="testng.grouping" name="testMethod1" time="0.0">
    <ignored/>
  </testcase> <!-- testMethod1 -->
  <testcase classname="testng.grouping" name="test1" time="0.0">
    <ignored/>
  </testcase> <!-- test1 -->
</testsuite> <!-- test -->
