<?xml version="1.0" encoding="UTF-8"?>
<!-- Generated by org.testng.reporters.JUnitXMLReporter -->
<testsuite ignored="0" hostname="DESKTOP-H5M82PR" failures="0" tests="4" name="Default test" time="0.081" errors="0" timestamp="2023-04-16T02:56:36 CDT">
  <testcase classname="testng.test1" name="test12" time="0.018"/>
  <testcase classname="testng.test1" name="test2" time="0.003"/>
  <testcase classname="testng.test1" name="test3" time="0.002"/>
  <testcase classname="testng.test1" name="test4" time="0.003"/>
</testsuite> <!-- Default test -->
