<?xml version="1.0" encoding="UTF-8"?>
<testng-results ignored="0" total="1" passed="1" failed="0" skipped="0">
  <reporter-output>
  </reporter-output>
  <suite started-at="2024-02-02T10:24:57 CST" name="Default suite" finished-at="2024-02-02T10:25:54 CST" duration-ms="56525">
    <groups>
    </groups>
    <test started-at="2024-02-02T10:24:57 CST" name="Default test" finished-at="2024-02-02T10:25:54 CST" duration-ms="56525">
      <class name="SBA.axisbankAssign1.AppTest">
        <test-method is-config="true" signature="beforeFunction()[pri:0, instance:SBA.axisbankAssign1.AppTest@4b5a5ed1]" started-at="2024-02-02T10:24:57 CST" name="beforeFunction" finished-at="2024-02-02T10:25:40 CST" duration-ms="42789" status="PASS">
          <reporter-output>
          </reporter-output>
        </test-method> <!-- beforeFunction -->
        <test-method signature="testFunction()[pri:0, instance:SBA.axisbankAssign1.AppTest@4b5a5ed1]" started-at="2024-02-02T10:25:40 CST" name="testFunction" finished-at="2024-02-02T10:25:51 CST" duration-ms="10946" status="PASS">
          <reporter-output>
          </reporter-output>
        </test-method> <!-- testFunction -->
        <test-method is-config="true" signature="afterFunction()[pri:0, instance:SBA.axisbankAssign1.AppTest@4b5a5ed1]" started-at="2024-02-02T10:25:51 CST" name="afterFunction" finished-at="2024-02-02T10:25:54 CST" duration-ms="2667" status="PASS">
          <reporter-output>
          </reporter-output>
        </test-method> <!-- afterFunction -->
      </class> <!-- SBA.axisbankAssign1.AppTest -->
    </test> <!-- Default test -->
  </suite> <!-- Default suite -->
</testng-results>
